1524591162394	geckodriver	INFO	geckodriver 0.19.1
1524591162401	geckodriver	INFO	Listening on 127.0.0.1:51683
1524591163466	mozrunner::runner	INFO	Running command: "/Applications/Firefox.app/Contents/MacOS/firefox-bin" "-marionette" "-profile" "/var/folders/h7/119bq28946zddn58s876bvl40000gp/T/rust_mozprofile.IJUY9dzdBDoV"
1524591164188	Marionette	INFO	Enabled via --marionette
2018-04-24 10:32:45.079 plugin-container[25232:337593] *** CFMessagePort: bootstrap_register(): failed 1100 (0x44c) 'Permission denied', port = 0xad03, name = 'com.apple.tsm.portname'
See /usr/include/servers/bootstrap_defs.h for the error codes.
1524591165600	Marionette	INFO	Listening on port 51690
1524591165675	Marionette	WARN	TLS certificate errors will be ignored for this session
1524591165724	Marionette	DEBUG	Register listener.js for window 2147483649
1524591165735	Marionette	DEBUG	Received DOM event "beforeunload" for "about:blank"
1524591165743	Marionette	DEBUG	Received DOM event "beforeunload" for "about:blank"
1524591188374	geckodriver	INFO	geckodriver 0.19.1
1524591188378	geckodriver	INFO	Listening on 127.0.0.1:51743
1524591189438	mozrunner::runner	INFO	Running command: "/Applications/Firefox.app/Contents/MacOS/firefox-bin" "-marionette" "-profile" "/var/folders/h7/119bq28946zddn58s876bvl40000gp/T/rust_mozprofile.nviqT46koosM"
1524591189928	Marionette	INFO	Enabled via --marionette
2018-04-24 10:33:10.675 plugin-container[25277:339185] *** CFMessagePort: bootstrap_register(): failed 1100 (0x44c) 'Permission denied', port = 0x1513b, name = 'com.apple.tsm.portname'
See /usr/include/servers/bootstrap_defs.h for the error codes.
1524591191048	Marionette	INFO	Listening on port 51750
1524591191102	Marionette	WARN	TLS certificate errors will be ignored for this session
1524591191150	Marionette	DEBUG	Register listener.js for window 2147483649
1524591191172	Marionette	DEBUG	Received DOM event "beforeunload" for "about:blank"
1524591191185	Marionette	DEBUG	Received DOM event "pagehide" for "about:blank"
1524591191185	Marionette	DEBUG	Received DOM event "unload" for "about:blank"
1524591191690	Marionette	DEBUG	Received DOM event "DOMContentLoaded" for "http://localhost:3000/"
1524591191691	Marionette	DEBUG	Received DOM event "pageshow" for "http://localhost:3000/"
1524591207926	geckodriver	INFO	geckodriver 0.19.1
1524591207930	geckodriver	INFO	Listening on 127.0.0.1:51802
1524591208991	mozrunner::runner	INFO	Running command: "/Applications/Firefox.app/Contents/MacOS/firefox-bin" "-marionette" "-profile" "/var/folders/h7/119bq28946zddn58s876bvl40000gp/T/rust_mozprofile.nI0IFoscjACR"
1524591209468	Marionette	INFO	Enabled via --marionette
2018-04-24 10:33:30.212 plugin-container[25314:340837] *** CFMessagePort: bootstrap_register(): failed 1100 (0x44c) 'Permission denied', port = 0x1523f, name = 'com.apple.tsm.portname'
See /usr/include/servers/bootstrap_defs.h for the error codes.
1524591210584	Marionette	INFO	Listening on port 51809
1524591210658	Marionette	WARN	TLS certificate errors will be ignored for this session
1524591210706	Marionette	DEBUG	Register listener.js for window 2147483649
1524591210717	Marionette	DEBUG	Received DOM event "beforeunload" for "about:blank"
1524591210730	Marionette	DEBUG	Received DOM event "pagehide" for "about:blank"
1524591210730	Marionette	DEBUG	Received DOM event "unload" for "about:blank"
1524591211212	Marionette	DEBUG	Received DOM event "DOMContentLoaded" for "http://localhost:3000/"
1524591211214	Marionette	DEBUG	Received DOM event "pageshow" for "http://localhost:3000/"
1524591211487	Marionette	DEBUG	Canceled page load listener because no navigation has been detected
1524591211724	Marionette	DEBUG	Canceled page load listener because no navigation has been detected
1524591211958	Marionette	DEBUG	Canceled page load listener because no navigation has been detected
[Child 25314, Chrome_ChildThread] WARNING: pipe error: Broken pipe: file /builds/worker/workspace/build/src/ipc/chromium/src/chrome/common/ipc_channel_posix.cc, line 709
1524591263693	geckodriver	INFO	geckodriver 0.19.1
1524591263697	geckodriver	INFO	Listening on 127.0.0.1:51876
1524591264765	mozrunner::runner	INFO	Running command: "/Applications/Firefox.app/Contents/MacOS/firefox-bin" "-marionette" "-profile" "/var/folders/h7/119bq28946zddn58s876bvl40000gp/T/rust_mozprofile.hZZnaklnVZBp"
1524591265294	Marionette	INFO	Enabled via --marionette
2018-04-24 10:34:26.042 plugin-container[25406:345488] *** CFMessagePort: bootstrap_register(): failed 1100 (0x44c) 'Permission denied', port = 0x1513f, name = 'com.apple.tsm.portname'
See /usr/include/servers/bootstrap_defs.h for the error codes.
1524591266409	Marionette	INFO	Listening on port 51883
1524591266440	Marionette	WARN	TLS certificate errors will be ignored for this session
1524591266488	Marionette	DEBUG	Register listener.js for window 2147483649
1524591266514	Marionette	DEBUG	Received DOM event "beforeunload" for "about:blank"
1524591266525	Marionette	DEBUG	Received DOM event "pagehide" for "about:blank"
1524591266526	Marionette	DEBUG	Received DOM event "unload" for "about:blank"
1524591267026	Marionette	DEBUG	Received DOM event "DOMContentLoaded" for "http://localhost:3000/"
1524591267027	Marionette	DEBUG	Received DOM event "pageshow" for "http://localhost:3000/"
1524591267291	Marionette	DEBUG	Canceled page load listener because no navigation has been detected
1524591267530	Marionette	DEBUG	Canceled page load listener because no navigation has been detected
1524591267765	Marionette	DEBUG	Canceled page load listener because no navigation has been detected
1524591277963	geckodriver	INFO	geckodriver 0.19.1
1524591277969	geckodriver	INFO	Listening on 127.0.0.1:51939
1524591279033	mozrunner::runner	INFO	Running command: "/Applications/Firefox.app/Contents/MacOS/firefox-bin" "-marionette" "-profile" "/var/folders/h7/119bq28946zddn58s876bvl40000gp/T/rust_mozprofile.4lgHiUPexIlJ"
1524591279530	Marionette	INFO	Enabled via --marionette
2018-04-24 10:34:40.278 plugin-container[25430:347056] *** CFMessagePort: bootstrap_register(): failed 1100 (0x44c) 'Permission denied', port = 0x15203, name = 'com.apple.tsm.portname'
See /usr/include/servers/bootstrap_defs.h for the error codes.
1524591280662	Marionette	INFO	Listening on port 51946
1524591280705	Marionette	WARN	TLS certificate errors will be ignored for this session
1524591280753	Marionette	DEBUG	Register listener.js for window 2147483649
1524591280777	Marionette	DEBUG	Received DOM event "beforeunload" for "about:blank"
1524591280788	Marionette	DEBUG	Received DOM event "pagehide" for "about:blank"
1524591280788	Marionette	DEBUG	Received DOM event "unload" for "about:blank"
1524591281295	Marionette	DEBUG	Received DOM event "DOMContentLoaded" for "http://localhost:3000/"
1524591281296	Marionette	DEBUG	Received DOM event "pageshow" for "http://localhost:3000/"
1524591281566	Marionette	DEBUG	Canceled page load listener because no navigation has been detected
1524591281803	Marionette	DEBUG	Canceled page load listener because no navigation has been detected
1524591282033	Marionette	DEBUG	Canceled page load listener because no navigation has been detected
1524591511125	geckodriver	INFO	geckodriver 0.19.1
1524591511130	geckodriver	INFO	Listening on 127.0.0.1:52013
1524591512194	mozrunner::runner	INFO	Running command: "/Applications/Firefox.app/Contents/MacOS/firefox-bin" "-marionette" "-profile" "/var/folders/h7/119bq28946zddn58s876bvl40000gp/T/rust_mozprofile.zWm37iAwEdL9"
1524591512682	Marionette	INFO	Enabled via --marionette
2018-04-24 10:38:33.427 plugin-container[25771:358993] *** CFMessagePort: bootstrap_register(): failed 1100 (0x44c) 'Permission denied', port = 0xad3f, name = 'com.apple.tsm.portname'
See /usr/include/servers/bootstrap_defs.h for the error codes.
1524591513818	Marionette	INFO	Listening on port 52020
1524591513859	Marionette	WARN	TLS certificate errors will be ignored for this session
1524591513907	Marionette	DEBUG	Register listener.js for window 2147483649
1524591513930	Marionette	DEBUG	Received DOM event "beforeunload" for "about:blank"
1524591513941	Marionette	DEBUG	Received DOM event "pagehide" for "about:blank"
1524591513941	Marionette	DEBUG	Received DOM event "unload" for "about:blank"
1524591514436	Marionette	DEBUG	Received DOM event "DOMContentLoaded" for "http://localhost:3000/"
1524591514438	Marionette	DEBUG	Received DOM event "pageshow" for "http://localhost:3000/"
1524591514718	Marionette	DEBUG	Canceled page load listener because no navigation has been detected
1524591514955	Marionette	DEBUG	Canceled page load listener because no navigation has been detected
1524591515191	Marionette	DEBUG	Canceled page load listener because no navigation has been detected
1524591515426	Marionette	DEBUG	Canceled page load listener because no navigation has been detected
1524591515655	Marionette	DEBUG	Canceled page load listener because no navigation has been detected
1524591515884	Marionette	DEBUG	Canceled page load listener because no navigation has been detected
1524591516110	Marionette	DEBUG	Canceled page load listener because no navigation has been detected
1524591516340	Marionette	DEBUG	Canceled page load listener because no navigation has been detected
1524591516574	Marionette	DEBUG	Canceled page load listener because no navigation has been detected
1524591516803	Marionette	DEBUG	Canceled page load listener because no navigation has been detected
1524591517030	Marionette	DEBUG	Canceled page load listener because no navigation has been detected
1524591517256	Marionette	DEBUG	Canceled page load listener because no navigation has been detected
1524591517477	Marionette	DEBUG	Canceled page load listener because no navigation has been detected
1524591517703	Marionette	DEBUG	Canceled page load listener because no navigation has been detected
1524591517923	Marionette	DEBUG	Canceled page load listener because no navigation has been detected
1524591518151	Marionette	DEBUG	Canceled page load listener because no navigation has been detected
1524591518375	Marionette	DEBUG	Canceled page load listener because no navigation has been detected
1524591518603	Marionette	DEBUG	Canceled page load listener because no navigation has been detected
1524594198585	geckodriver	INFO	geckodriver 0.19.1
1524594198589	geckodriver	INFO	Listening on 127.0.0.1:52417
1524594199653	mozrunner::runner	INFO	Running command: "/Applications/Firefox.app/Contents/MacOS/firefox-bin" "-marionette" "-profile" "/var/folders/h7/119bq28946zddn58s876bvl40000gp/T/rust_mozprofile.pDC1ddDtCzSW"
1524594200149	Marionette	INFO	Enabled via --marionette
2018-04-24 11:23:20.895 plugin-container[28724:426842] *** CFMessagePort: bootstrap_register(): failed 1100 (0x44c) 'Permission denied', port = 0xae03, name = 'com.apple.tsm.portname'
See /usr/include/servers/bootstrap_defs.h for the error codes.
1524594201277	Marionette	INFO	Listening on port 52424
1524594201324	Marionette	WARN	TLS certificate errors will be ignored for this session
1524594201372	Marionette	DEBUG	Register listener.js for window 2147483649
1524594201392	Marionette	DEBUG	Received DOM event "beforeunload" for "about:blank"
1524594201404	Marionette	DEBUG	Received DOM event "pagehide" for "about:blank"
1524594201404	Marionette	DEBUG	Received DOM event "unload" for "about:blank"
1524594201898	Marionette	DEBUG	Received DOM event "DOMContentLoaded" for "http://localhost:3000/"
1524594201899	Marionette	DEBUG	Received DOM event "pageshow" for "http://localhost:3000/"
1524594202172	Marionette	DEBUG	Canceled page load listener because no navigation has been detected
1524594202412	Marionette	DEBUG	Canceled page load listener because no navigation has been detected
1524594202646	Marionette	DEBUG	Canceled page load listener because no navigation has been detected
1524594202874	Marionette	DEBUG	Canceled page load listener because no navigation has been detected
1524594203101	Marionette	DEBUG	Canceled page load listener because no navigation has been detected
1524594203336	Marionette	DEBUG	Canceled page load listener because no navigation has been detected
1524594203563	Marionette	DEBUG	Canceled page load listener because no navigation has been detected
1524594203792	Marionette	DEBUG	Canceled page load listener because no navigation has been detected
1524594204025	Marionette	DEBUG	Canceled page load listener because no navigation has been detected
1524594204253	Marionette	DEBUG	Canceled page load listener because no navigation has been detected
1524594204481	Marionette	DEBUG	Canceled page load listener because no navigation has been detected
1524594204709	Marionette	DEBUG	Canceled page load listener because no navigation has been detected
1524594204931	Marionette	DEBUG	Canceled page load listener because no navigation has been detected
1524594205159	Marionette	DEBUG	Canceled page load listener because no navigation has been detected
1524594205381	Marionette	DEBUG	Canceled page load listener because no navigation has been detected
1524594205609	Marionette	DEBUG	Canceled page load listener because no navigation has been detected
1524594205834	Marionette	DEBUG	Canceled page load listener because no navigation has been detected
1524594206060	Marionette	DEBUG	Canceled page load listener because no navigation has been detected
